<?xml version="1.0" encoding="UTF-8"?>
<!-- Generated by org.testng.reporters.JUnitReportReporter -->
<testsuite skipped="0" hostname="DusanPCD" name="tests.SignUp_Test" tests="4" failures="0" timestamp="2022-10-10T21:45:28 CEST" time="6.061" errors="0">
  <testcase name="visitsTheSignupPage" time="0.378" classname="tests.SignUp_Test"/>
  <system-out/>
  <testcase name="checksInputTypes" time="1.210" classname="tests.SignUp_Test"/>
  <system-out/>
  <testcase name="displaysErrorsWhenUserAlreadyExists" time="1.489" classname="tests.SignUp_Test"/>
  <system-out/>
  <testcase name="signup" time="2.984" classname="tests.SignUp_Test"/>
  <system-out/>
</testsuite> <!-- tests.SignUp_Test -->
