<?xml version="1.0" encoding="UTF-8"?>
<!-- Generated by org.testng.reporters.JUnitReportReporter -->
<testsuite skipped="0" hostname="DusanPCD" name="tests.LoginTest" tests="6" failures="0" timestamp="2022-10-10T21:44:11 CEST" time="6.203" errors="0">
  <testcase name="visitTheLoginPage" time="1.111" classname="tests.LoginTest"/>
  <system-out/>
  <testcase name="checkInputTypes" time="0.482" classname="tests.LoginTest"/>
  <system-out/>
  <testcase name="displaysErrorsWhenUserDoesNotexist" time="1.336" classname="tests.LoginTest"/>
  <system-out/>
  <testcase name="displaysErrorsWhenPasswordIsWrong" time="1.271" classname="tests.LoginTest"/>
  <system-out/>
  <testcase name="login" time="1.679" classname="tests.LoginTest"/>
  <system-out/>
  <testcase name="logout" time="0.324" classname="tests.LoginTest"/>
  <system-out/>
</testsuite> <!-- tests.LoginTest -->
