<?xml version="1.0" encoding="UTF-8"?>
<!-- Generated by org.testng.reporters.JUnitReportReporter -->
<testsuite skipped="0" hostname="DusanPCD" name="tests.Admin_Cities_Test" tests="6" failures="0" timestamp="2022-10-11T20:24:52 CEST" time="11.330" errors="0">
  <testcase name="visitsTheAdminCitiesPageAndListCities" time="2.290" classname="tests.Admin_Cities_Test"/>
  <system-out/>
  <testcase name="checksInputTypesForCreateEditNewCity" time="1.172" classname="tests.Admin_Cities_Test"/>
  <system-out/>
  <testcase name="createNewCity" time="1.838" classname="tests.Admin_Cities_Test"/>
  <system-out/>
  <testcase name="editCity" time="2.554" classname="tests.Admin_Cities_Test"/>
  <system-out/>
  <testcase name="searchCity" time="0.933" classname="tests.Admin_Cities_Test"/>
  <system-out/>
  <testcase name="deleteCity" time="2.543" classname="tests.Admin_Cities_Test"/>
  <system-out/>
</testsuite> <!-- tests.Admin_Cities_Test -->
