<?xml version="1.0" encoding="UTF-8"?>
<!-- Generated by org.testng.reporters.JUnitReportReporter -->
<testsuite skipped="0" hostname="DusanPCD" name="tests.Locale_Test" tests="4" failures="0" timestamp="2022-10-10T21:45:40 CEST" time="2.816" errors="0">
  <testcase name="setLocaleToESP" time="0.591" classname="tests.Locale_Test"/>
  <system-out/>
  <testcase name="setLocaleToENG" time="0.515" classname="tests.Locale_Test"/>
  <system-out/>
  <testcase name="setLocaleToCN" time="1.153" classname="tests.Locale_Test"/>
  <system-out/>
  <testcase name="setLocaleToFR" time="0.557" classname="tests.Locale_Test"/>
  <system-out/>
</testsuite> <!-- tests.Locale_Test -->
