<?xml version="1.0" encoding="UTF-8"?>
<!-- Generated by org.testng.reporters.JUnitReportReporter -->
<testsuite skipped="0" hostname="DusanPCD" name="tests.Auth_Routes_Test" tests="4" failures="0" timestamp="2022-10-10T21:45:53 CEST" time="3.436" errors="0">
  <testcase name="forbidsVisitsToHomeUrlIfNotAuthenticated" time="0.722" classname="tests.Auth_Routes_Test"/>
  <system-out/>
  <testcase name="forbidsVisitsToProfileUrlIfNotAuthenticated" time="1.307" classname="tests.Auth_Routes_Test"/>
  <system-out/>
  <testcase name="forbidsVisitsToAdminCitiesUrlIfNotAuthenticated" time="0.700" classname="tests.Auth_Routes_Test"/>
  <system-out/>
  <testcase name="forbidsVisitsToAdminUsersUrlIfNotAuthenticated" time="0.707" classname="tests.Auth_Routes_Test"/>
  <system-out/>
</testsuite> <!-- tests.Auth_Routes_Test -->
